<?xml version="1.0" encoding="UTF-8"?>
<!-- Generated by org.testng.reporters.JUnitReportReporter -->
<testsuite hostname="LAPTOP-7JF9T3JP" failures="0" tests="1" name="testng.NewTest" time="0.007" errors="0" timestamp="2023-12-29T21:23:36 IST" skipped="0">
  <testcase classname="testng.NewTest" name="f" time="0.007"/>
  <system-out/>
</testsuite> <!-- testng.NewTest -->
