<?xml version="1.0" encoding="UTF-8"?>
<!-- Generated by org.testng.reporters.JUnitReportReporter -->
<testsuite hostname="LAPTOP-7JF9T3JP" failures="0" tests="1" name="testng.firstTest" time="0.007" errors="0" timestamp="2024-02-27T11:24:36 IST" skipped="0">
  <testcase classname="testng.firstTest" name="test" time="0.007"/>
  <system-out/>
</testsuite> <!-- testng.firstTest -->
